<?xml version="1.0" encoding="UTF-8"?>
<testng-results ignored="0" total="2" passed="2" failed="0" skipped="0">
  <reporter-output>
  </reporter-output>
  <suite started-at="2023-02-03T14:36:34 IST" name="Suite" finished-at="2023-02-03T14:37:23 IST" duration-ms="48754">
    <groups>
    </groups>
    <test started-at="2023-02-03T14:36:34 IST" name="TestScenario1" finished-at="2023-02-03T14:36:59 IST" duration-ms="25041">
      <class name="test.LambdaTest">
        <test-method signature="runTest(java.lang.String,java.lang.String,java.lang.String)[pri:0, instance:test.LambdaTest@6404f418]" started-at="2023-02-03T14:36:34 IST" name="runTest" finished-at="2023-02-03T14:36:59 IST" duration-ms="24982" status="PASS">
          <params>
            <param index="0">
              <value>
                <![CDATA[win10]]>
              </value>
            </param>
            <param index="1">
              <value>
                <![CDATA[chrome]]>
              </value>
            </param>
            <param index="2">
              <value>
                <![CDATA[86.0]]>
              </value>
            </param>
          </params>
          <reporter-output>
          </reporter-output>
        </test-method> <!-- runTest -->
      </class> <!-- test.LambdaTest -->
    </test> <!-- TestScenario1 -->
    <test started-at="2023-02-03T14:36:59 IST" name="TestScenario2" finished-at="2023-02-03T14:37:23 IST" duration-ms="23655">
      <class name="test.LambdaTest">
        <test-method signature="runTest(java.lang.String,java.lang.String,java.lang.String)[pri:0, instance:test.LambdaTest@6c1a5b54]" started-at="2023-02-03T14:36:59 IST" name="runTest" finished-at="2023-02-03T14:37:23 IST" duration-ms="23647" status="PASS">
          <params>
            <param index="0">
              <value>
                <![CDATA[macOS Sierra]]>
              </value>
            </param>
            <param index="1">
              <value>
                <![CDATA[Microsoft Edge]]>
              </value>
            </param>
            <param index="2">
              <value>
                <![CDATA[87.0]]>
              </value>
            </param>
          </params>
          <reporter-output>
          </reporter-output>
        </test-method> <!-- runTest -->
      </class> <!-- test.LambdaTest -->
    </test> <!-- TestScenario2 -->
  </suite> <!-- Suite -->
</testng-results>
