<?xml version="1.0" encoding="UTF-8"?>
<testng-results ignored="0" total="2" passed="2" failed="0" skipped="0">
  <reporter-output>
  </reporter-output>
  <suite started-at="2023-02-03T14:09:50 IST" name="Suite" finished-at="2023-02-03T14:10:46 IST" duration-ms="55917">
    <groups>
    </groups>
    <test started-at="2023-02-03T14:09:50 IST" name="TestScenario1" finished-at="2023-02-03T14:10:14 IST" duration-ms="24035">
      <class name="test.LambdaTest">
        <test-method signature="runTest(java.lang.String,java.lang.String,java.lang.String)[pri:0, instance:test.LambdaTest@428640fa]" started-at="2023-02-03T14:09:50 IST" name="runTest" finished-at="2023-02-03T14:10:14 IST" duration-ms="23962" status="PASS">
          <params>
            <param index="0">
              <value>
                <![CDATA[win10]]>
              </value>
            </param>
            <param index="1">
              <value>
                <![CDATA[chrome]]>
              </value>
            </param>
            <param index="2">
              <value>
                <![CDATA[86.0]]>
              </value>
            </param>
          </params>
          <reporter-output>
          </reporter-output>
        </test-method> <!-- runTest -->
      </class> <!-- test.LambdaTest -->
    </test> <!-- TestScenario1 -->
    <test started-at="2023-02-03T14:10:14 IST" name="TestScenario2" finished-at="2023-02-03T14:10:46 IST" duration-ms="31828">
      <class name="test.LambdaTest">
        <test-method signature="runTest(java.lang.String,java.lang.String,java.lang.String)[pri:0, instance:test.LambdaTest@78e4deb0]" started-at="2023-02-03T14:10:14 IST" name="runTest" finished-at="2023-02-03T14:10:46 IST" duration-ms="31823" status="PASS">
          <params>
            <param index="0">
              <value>
                <![CDATA[macOS Sierra]]>
              </value>
            </param>
            <param index="1">
              <value>
                <![CDATA[Microsoft Edge]]>
              </value>
            </param>
            <param index="2">
              <value>
                <![CDATA[87.0]]>
              </value>
            </param>
          </params>
          <reporter-output>
          </reporter-output>
        </test-method> <!-- runTest -->
      </class> <!-- test.LambdaTest -->
    </test> <!-- TestScenario2 -->
  </suite> <!-- Suite -->
</testng-results>
